<?xml version="1.0" encoding="UTF-8"?>
<testsuites>
  <testsuite name="" tests="42" assertions="118" errors="0" warnings="0" failures="0" skipped="0" time="0.094900">
    <testsuite name="Project Test Suite" tests="42" assertions="118" errors="0" warnings="0" failures="0" skipped="0" time="0.094900">
      <testsuite name="App\tests\Service\BookServiceTest" file="/home/pablo/dbwebb-kurser/mvc/me/report/tests/Service/BookServiceTest.php" tests="2" assertions="11" errors="0" warnings="0" failures="0" skipped="0" time="0.048026">
        <testcase name="testAddBook" class="App\tests\Service\BookServiceTest" classname="App.tests.Service.BookServiceTest" file="/home/pablo/dbwebb-kurser/mvc/me/report/tests/Service/BookServiceTest.php" line="44" assertions="5" time="0.046611"/>
        <testcase name="testUpdateBook" class="App\tests\Service\BookServiceTest" classname="App.tests.Service.BookServiceTest" file="/home/pablo/dbwebb-kurser/mvc/me/report/tests/Service/BookServiceTest.php" line="62" assertions="6" time="0.001415"/>
      </testsuite>
      <testsuite name="App\tests\Service\CardGameServiceTest" file="/home/pablo/dbwebb-kurser/mvc/me/report/tests/Service/CardGameServiceTest.php" tests="3" assertions="57" errors="0" warnings="0" failures="0" skipped="0" time="0.009475">
        <testcase name="testGetDeckWithNoExistingDeck" class="App\tests\Service\CardGameServiceTest" classname="App.tests.Service.CardGameServiceTest" file="/home/pablo/dbwebb-kurser/mvc/me/report/tests/Service/CardGameServiceTest.php" line="40" assertions="3" time="0.006843"/>
        <testcase name="testGetDeckReturnsExistingDeck" class="App\tests\Service\CardGameServiceTest" classname="App.tests.Service.CardGameServiceTest" file="/home/pablo/dbwebb-kurser/mvc/me/report/tests/Service/CardGameServiceTest.php" line="49" assertions="1" time="0.000836"/>
        <testcase name="testGetDeckAsString" class="App\tests\Service\CardGameServiceTest" classname="App.tests.Service.CardGameServiceTest" file="/home/pablo/dbwebb-kurser/mvc/me/report/tests/Service/CardGameServiceTest.php" line="58" assertions="53" time="0.001796"/>
      </testsuite>
      <testsuite name="App\tests\Service\Game21ServiceTest" file="/home/pablo/dbwebb-kurser/mvc/me/report/tests/Service/Game21ServiceTest.php" tests="10" assertions="12" errors="0" warnings="0" failures="0" skipped="0" time="0.008748">
        <testcase name="testCheckWinnerBankBustPlayerWins" class="App\tests\Service\Game21ServiceTest" classname="App.tests.Service.Game21ServiceTest" file="/home/pablo/dbwebb-kurser/mvc/me/report/tests/Service/Game21ServiceTest.php" line="42" assertions="1" time="0.001253"/>
        <testcase name="testCheckWinnerPlayerBustBankerWins" class="App\tests\Service\Game21ServiceTest" classname="App.tests.Service.Game21ServiceTest" file="/home/pablo/dbwebb-kurser/mvc/me/report/tests/Service/Game21ServiceTest.php" line="51" assertions="1" time="0.000678"/>
        <testcase name="testCheckWinnerPlayerWins" class="App\tests\Service\Game21ServiceTest" classname="App.tests.Service.Game21ServiceTest" file="/home/pablo/dbwebb-kurser/mvc/me/report/tests/Service/Game21ServiceTest.php" line="60" assertions="1" time="0.000621"/>
        <testcase name="testCheckWinnerBankerWins" class="App\tests\Service\Game21ServiceTest" classname="App.tests.Service.Game21ServiceTest" file="/home/pablo/dbwebb-kurser/mvc/me/report/tests/Service/Game21ServiceTest.php" line="69" assertions="1" time="0.000638"/>
        <testcase name="testDrawCardForPlayer" class="App\tests\Service\Game21ServiceTest" classname="App.tests.Service.Game21ServiceTest" file="/home/pablo/dbwebb-kurser/mvc/me/report/tests/Service/Game21ServiceTest.php" line="78" assertions="2" time="0.001630"/>
        <testcase name="testDrawCardForBanker" class="App\tests\Service\Game21ServiceTest" classname="App.tests.Service.Game21ServiceTest" file="/home/pablo/dbwebb-kurser/mvc/me/report/tests/Service/Game21ServiceTest.php" line="93" assertions="2" time="0.000941"/>
        <testcase name="testGetPlayerScoreForPlayer" class="App\tests\Service\Game21ServiceTest" classname="App.tests.Service.Game21ServiceTest" file="/home/pablo/dbwebb-kurser/mvc/me/report/tests/Service/Game21ServiceTest.php" line="108" assertions="1" time="0.000780"/>
        <testcase name="testGetPlayerScoreForBanker" class="App\tests\Service\Game21ServiceTest" classname="App.tests.Service.Game21ServiceTest" file="/home/pablo/dbwebb-kurser/mvc/me/report/tests/Service/Game21ServiceTest.php" line="119" assertions="1" time="0.000717"/>
        <testcase name="testGetDrawnCardsAsStringPlayer" class="App\tests\Service\Game21ServiceTest" classname="App.tests.Service.Game21ServiceTest" file="/home/pablo/dbwebb-kurser/mvc/me/report/tests/Service/Game21ServiceTest.php" line="130" assertions="1" time="0.000723"/>
        <testcase name="testGetDrawnCardsAsStringBank" class="App\tests\Service\Game21ServiceTest" classname="App.tests.Service.Game21ServiceTest" file="/home/pablo/dbwebb-kurser/mvc/me/report/tests/Service/Game21ServiceTest.php" line="140" assertions="1" time="0.000766"/>
      </testsuite>
      <testsuite name="App\blackjack\BankAccountTest" file="/home/pablo/dbwebb-kurser/mvc/me/report/tests/blackjack/BankAccountTest.php" tests="3" assertions="4" errors="0" warnings="0" failures="0" skipped="0" time="0.001907">
        <testcase name="testCreateAccount" class="App\blackjack\BankAccountTest" classname="App.blackjack.BankAccountTest" file="/home/pablo/dbwebb-kurser/mvc/me/report/tests/blackjack/BankAccountTest.php" line="18" assertions="2" time="0.001136"/>
        <testcase name="testPlaceBets" class="App\blackjack\BankAccountTest" classname="App.blackjack.BankAccountTest" file="/home/pablo/dbwebb-kurser/mvc/me/report/tests/blackjack/BankAccountTest.php" line="24" assertions="1" time="0.000489"/>
        <testcase name="testAddWinnings" class="App\blackjack\BankAccountTest" classname="App.blackjack.BankAccountTest" file="/home/pablo/dbwebb-kurser/mvc/me/report/tests/blackjack/BankAccountTest.php" line="30" assertions="1" time="0.000282"/>
      </testsuite>
      <testsuite name="App\blackjack\HandTest" file="/home/pablo/dbwebb-kurser/mvc/me/report/tests/blackjack/HandTest.php" tests="8" assertions="18" errors="0" warnings="0" failures="0" skipped="0" time="0.005950">
        <testcase name="testCreateHand" class="App\blackjack\HandTest" classname="App.blackjack.HandTest" file="/home/pablo/dbwebb-kurser/mvc/me/report/tests/blackjack/HandTest.php" line="32" assertions="3" time="0.002012"/>
        <testcase name="testAddCardToHand" class="App\blackjack\HandTest" classname="App.blackjack.HandTest" file="/home/pablo/dbwebb-kurser/mvc/me/report/tests/blackjack/HandTest.php" line="39" assertions="3" time="0.000471"/>
        <testcase name="testHit" class="App\blackjack\HandTest" classname="App.blackjack.HandTest" file="/home/pablo/dbwebb-kurser/mvc/me/report/tests/blackjack/HandTest.php" line="49" assertions="2" time="0.000494"/>
        <testcase name="testStandTrue" class="App\blackjack\HandTest" classname="App.blackjack.HandTest" file="/home/pablo/dbwebb-kurser/mvc/me/report/tests/blackjack/HandTest.php" line="55" assertions="2" time="0.000847"/>
        <testcase name="testGetValue" class="App\blackjack\HandTest" classname="App.blackjack.HandTest" file="/home/pablo/dbwebb-kurser/mvc/me/report/tests/blackjack/HandTest.php" line="62" assertions="2" time="0.000498"/>
        <testcase name="testGetValueWithAcesAndUnder21" class="App\blackjack\HandTest" classname="App.blackjack.HandTest" file="/home/pablo/dbwebb-kurser/mvc/me/report/tests/blackjack/HandTest.php" line="75" assertions="2" time="0.000448"/>
        <testcase name="testGetValueWithAcesAndUOver21" class="App\blackjack\HandTest" classname="App.blackjack.HandTest" file="/home/pablo/dbwebb-kurser/mvc/me/report/tests/blackjack/HandTest.php" line="88" assertions="2" time="0.000648"/>
        <testcase name="testIsBusted" class="App\blackjack\HandTest" classname="App.blackjack.HandTest" file="/home/pablo/dbwebb-kurser/mvc/me/report/tests/blackjack/HandTest.php" line="102" assertions="2" time="0.000531"/>
      </testsuite>
      <testsuite name="App\game\CardGraphicTest" file="/home/pablo/dbwebb-kurser/mvc/me/report/tests/game21/CardGraphicTest.php" tests="3" assertions="3" errors="0" warnings="0" failures="0" skipped="0" time="0.000959">
        <testcase name="testCreateCardGraphic" class="App\game\CardGraphicTest" classname="App.game.CardGraphicTest" file="/home/pablo/dbwebb-kurser/mvc/me/report/tests/game21/CardGraphicTest.php" line="13" assertions="1" time="0.000285"/>
        <testcase name="testGetSuitSymbol" class="App\game\CardGraphicTest" classname="App.game.CardGraphicTest" file="/home/pablo/dbwebb-kurser/mvc/me/report/tests/game21/CardGraphicTest.php" line="24" assertions="1" time="0.000310"/>
        <testcase name="testGetAsString" class="App\game\CardGraphicTest" classname="App.game.CardGraphicTest" file="/home/pablo/dbwebb-kurser/mvc/me/report/tests/game21/CardGraphicTest.php" line="37" assertions="1" time="0.000365"/>
      </testsuite>
      <testsuite name="App\game\CardTest" file="/home/pablo/dbwebb-kurser/mvc/me/report/tests/game21/CardTest.php" tests="6" assertions="6" errors="0" warnings="0" failures="0" skipped="0" time="0.002438">
        <testcase name="testCreateCard" class="App\game\CardTest" classname="App.game.CardTest" file="/home/pablo/dbwebb-kurser/mvc/me/report/tests/game21/CardTest.php" line="13" assertions="1" time="0.000311"/>
        <testcase name="testCreateCardValue" class="App\game\CardTest" classname="App.game.CardTest" file="/home/pablo/dbwebb-kurser/mvc/me/report/tests/game21/CardTest.php" line="24" assertions="1" time="0.000307"/>
        <testcase name="testIntValueOfHighCards" class="App\game\CardTest" classname="App.game.CardTest" file="/home/pablo/dbwebb-kurser/mvc/me/report/tests/game21/CardTest.php" line="37" assertions="1" time="0.000793"/>
        <testcase name="testIntValueOfNumberCards" class="App\game\CardTest" classname="App.game.CardTest" file="/home/pablo/dbwebb-kurser/mvc/me/report/tests/game21/CardTest.php" line="50" assertions="1" time="0.000299"/>
        <testcase name="testCreateCardSuit" class="App\game\CardTest" classname="App.game.CardTest" file="/home/pablo/dbwebb-kurser/mvc/me/report/tests/game21/CardTest.php" line="63" assertions="1" time="0.000383"/>
        <testcase name="testCreateCardAsString" class="App\game\CardTest" classname="App.game.CardTest" file="/home/pablo/dbwebb-kurser/mvc/me/report/tests/game21/CardTest.php" line="76" assertions="1" time="0.000345"/>
      </testsuite>
      <testsuite name="App\game\DeckOfCardsTest" file="/home/pablo/dbwebb-kurser/mvc/me/report/tests/game21/DeckOfCardsTest.php" tests="7" assertions="7" errors="0" warnings="0" failures="0" skipped="0" time="0.017397">
        <testcase name="testCreateDeckOfCards" class="App\game\DeckOfCardsTest" classname="App.game.DeckOfCardsTest" file="/home/pablo/dbwebb-kurser/mvc/me/report/tests/game21/DeckOfCardsTest.php" line="13" assertions="1" time="0.000429"/>
        <testcase name="testGetDeck" class="App\game\DeckOfCardsTest" classname="App.game.DeckOfCardsTest" file="/home/pablo/dbwebb-kurser/mvc/me/report/tests/game21/DeckOfCardsTest.php" line="24" assertions="1" time="0.000470"/>
        <testcase name="testShuffleDeck" class="App\game\DeckOfCardsTest" classname="App.game.DeckOfCardsTest" file="/home/pablo/dbwebb-kurser/mvc/me/report/tests/game21/DeckOfCardsTest.php" line="37" assertions="1" time="0.014297"/>
        <testcase name="testGetRemainingAsInt" class="App\game\DeckOfCardsTest" classname="App.game.DeckOfCardsTest" file="/home/pablo/dbwebb-kurser/mvc/me/report/tests/game21/DeckOfCardsTest.php" line="51" assertions="1" time="0.000524"/>
        <testcase name="testDrawFromDeck" class="App\game\DeckOfCardsTest" classname="App.game.DeckOfCardsTest" file="/home/pablo/dbwebb-kurser/mvc/me/report/tests/game21/DeckOfCardsTest.php" line="64" assertions="1" time="0.000524"/>
        <testcase name="testDrawAmount" class="App\game\DeckOfCardsTest" classname="App.game.DeckOfCardsTest" file="/home/pablo/dbwebb-kurser/mvc/me/report/tests/game21/DeckOfCardsTest.php" line="76" assertions="1" time="0.000682"/>
        <testcase name="testDrawMoreThanAvailable" class="App\game\DeckOfCardsTest" classname="App.game.DeckOfCardsTest" file="/home/pablo/dbwebb-kurser/mvc/me/report/tests/game21/DeckOfCardsTest.php" line="90" assertions="1" time="0.000471"/>
      </testsuite>
    </testsuite>
  </testsuite>
</testsuites>
